<?xml version="1.0" encoding="UTF-8"?>
<!-- Generated by org.testng.reporters.JUnitXMLReporter -->
<testsuite hostname="Nadiya-PC" ignored="0" name="RozetkaTests" tests="2" failures="0" timestamp="03 лют. 2018 08:08:23 GMT" time="72.897" errors="0">
  <testcase name="CheckRozetkaSearch" time="48.147" classname="FrameWork.selenium.testng.Tests.CheckRozetkaSearch"/>
  <testcase name="CheckRozetkaSearch" time="24.575" classname="FrameWork.selenium.testng.Tests.CheckRozetkaSearch"/>
</testsuite> <!-- RozetkaTests -->
