<?xml version="1.0" encoding="UTF-8"?>
<!-- Generated by org.testng.reporters.JUnitXMLReporter -->
<testsuite hostname="Nadiya-PC" ignored="0" name="RozetkaTests" tests="1" failures="1" timestamp="31 січ. 2018 07:21:38 GMT" time="0.282" errors="0">
  <testcase name="OpenRozetkaHome" time="0.048" classname="FrameWork.selenium.testng.OpenRozetkaHome">
    <failure type="java.lang.NullPointerException">
      <![CDATA[java.lang.NullPointerExceptionat FrameWork.selenium.testng.OpenRozetkaHome.OpenRozetkaHome(OpenRozetkaHome.java:13)... Removed 28 stack frames]]>
    </failure>
  </testcase> <!-- OpenRozetkaHome -->
</testsuite> <!-- RozetkaTests -->
